Entreprise: Agent autorisé Telus
À* propos de nous* Telus est l'un des principaux founisseur de solutions de sécurité et d'automatisation à Québec pour les maisons et les entreprises.
L’opportunité en tant que brand ambassador, vous jouerez un rôle clé dans le développement et le maintien de la clientèle ainsi que dans le développement de nouvelles opportunités de revenus pour les produits de presse écrite. Idéal pour les personnes ayant un état d'esprit entrepreneurial et une passion pour les ventes. Grandir avec nous dans notre entreprise, nous vous aidons à vous préparer à de nouveaux défis et à créer un environnement dans lequel vous vous lancez un défi et vous épanouissez. Ce qui nous différencie vraiment, c'est la culture d'équipe collaborative et les opportunités de croissance interne. Notre environnement diversifié et dynamique donne à chacun des membres de notre équipe l'opportunité d'atteindre une croissance professionnelle et un succès financier.
Si vous êtes à la recherche d'une entreprise énergique et dynamique pour grandir et développer vos compétences, ne cherchez pas plus loin!
Tâches:
· Participer à des campagnes de vente résidentielle, travailler en tandem avec le marketing et diverses ressources pour élargir les relations clients existantes et attirer de nouveaux clients.
· Approcher les gens, expliquer les options disponibles et éduquer sur les avantages.
· Travailler sur le terrain pour commercialiser le produit en face à face.
Êtes-vous un bon candidat? Si vous êtes compétitif, enthousiaste, énergique et persuasif, alors la réponse est oui!
Téléphone cellulaire avec disponibilité des données, maîtrise du français et résidence dans la région de Montréal ou à proximité sont une nécessitée.
Type d'emploi : Temps plein, Temps partiel, Permanent, Stage / Coop
Salaire : 30,00$ à 40,00$ par heure
Horaires de travail : 8 Heures. Disponibilité la fin de semaine. Du Lundi au Vendredi. Quart de soir. Quart du matin. Travail les jours fériés.
Types de paie supplémentaire : Commissions. Primes
Language: French (required)
Licence/Certification: Driving Licence (preferred)
Job Types: Full-time, Part-time, Permanent, Internship / Co-op
Pay: $30.00-$40.00 per hour
Benefits:
Flexible schedule
Flexible Language Requirement:
English not required
Schedule:
Day shift
Evening shift
Holidays
Monday to Friday
Weekends as needed
Supplemental pay types:
Bonus pay
Commission pay
Ability to commute/relocate:
Quebec City, QC G1V 2B6: reliably commute or plan to relocate before starting work (required)
Experience:
Customer service: 1 year (preferred)
Work Location: In person
