What is the main goal for this Co-op?
FreshFind is currently in search of a SEO intern to join our content team. In this role, you'll be responsible for researching and creating engaging blog articles that align with FreshFind's mission. We're looking for a student with strong writing abilities, and the capability to produce high-quality content on time. If you're someone who can bring ideas to life through writing and is enthusiastic about promoting sustainability, we'd love to have you on board.
What tasks will need to be complete to achieve the project goal?
To accomplish this, we expect that you will:
Dive deep into the latest trends surrounding fresh and sustainable living, leaving no stone unturned.
Craft blog articles that not only inform but also captivate, all while adhering to FreshFind's distinct style guidelines.
Join forces with our content team to ignite the spark of fresh ideas and innovative strategies.
Take the helm in perfecting articles, ensuring precision, clarity, and a seamless flow of information.
Develop article concepts that resonate harmoniously with FreshFind's cherished audience.
Weave the magic of SEO into our blog articles, effortlessly incorporating keywords and industry best practices.
Stay on the cutting edge of industry trends, serving up fresh insights to keep our audience informed.
Be the friendly face behind the screen, listening, engaging, and responding to the invaluable feedback and comments from our cherished readers.
In this role, you'll be at the forefront of our mission to promote fresh and sustainable living. Through your words, you'll inspire and inform our audience, leaving a lasting impact.
What support will you receive in completing the project?
You will work closely with the project lead who is supervising and available for questions. This will also include occasional progress meetings where adjustments to your tasks and duties can be made if necessary.
Requirements:
Currently enrolled in a relevant post secondary school programs such as marketing, writing, business, English studies, or a related discipline.
Proven experience in writing, preferably through published work or a portfolio.
Exceptional writing and editing skills, with a keen eye for detail.
A strong interest in fresh and sustainable living, and a desire to promote these values.
Ability to conduct thorough research on various topics and synthesize information.
Familiarity with SEO principles and best practices.
Excellent time management and organizational skills.
Ability to work independently and meet deadlines.
Strong communication and collaboration skills.
Preferred Qualifications:
Experience with blogging platforms such as WordPress or Medium.
Basic knowledge of HTML and CSS.
Familiarity with content management systems (CMS).
Understanding of social media platforms and their role in content promotion.
Job Type: Internship / Co-op
Contract length: 4 months
Pay: $17.00 per hour
Expected hours: No less than 20 per week
Benefits:
Flexible schedule
Work from home
Flexible Language Requirement:
French not required
Schedule:
Day shift
Work Location: Remote
